{
  "Cucumber Features": {
    "coverage": {
      "/Users/arnas/Documents/ruby-projects/chatAppBackend/config/environment.rb": [
        null,
        1,
        null,
        null,
        1
      ],
      "/Users/arnas/Documents/ruby-projects/chatAppBackend/config/application.rb": [
        1,
        null,
        null,
        1,
        null,
        1,
        1,
        1,
        1,
        null,
        null,
        null,
        1,
        null,
        1,
        1,
        null,
        null,
        null,
        null,
        null,
        null,
        null,
        null,
        null,
        null,
        null,
        null,
        null
      ],
      "/Users/arnas/Documents/ruby-projects/chatAppBackend/config/boot.rb": [
        1,
        null,
        1
      ],
      "/Users/arnas/Documents/ruby-projects/chatAppBackend/config/environments/test.rb": [
        1,
        null,
        null,
        null,
        null,
        null,
        null,
        1,
        null,
        null,
        null,
        null,
        1,
        null,
        null,
        1,
        1,
        null,
        null,
        1,
        1,
        null,
        null,
        1,
        null,
        null,
        1,
        null,
        null,
        null,
        null,
        1,
        null,
        null,
        1,
        null,
        null,
        null,
        null
      ],
      "/Users/arnas/Documents/ruby-projects/chatAppBackend/config/initializers/secret_token.rb": [
        null,
        null,
        null,
        null,
        null,
        null,
        null,
        null,
        null,
        null,
        null,
        null,
        null,
        null,
        null,
        null,
        null,
        null,
        1
      ],
      "/Users/arnas/Documents/ruby-projects/chatAppBackend/config/initializers/wrap_parameters.rb": [
        null,
        null,
        null,
        null,
        null,
        null,
        null,
        null,
        null
      ],
      "/Users/arnas/Documents/ruby-projects/chatAppBackend/config/routes.rb": [
        1,
        1,
        1,
        null,
        null,
        1,
        1,
        1,
        1,
        1,
        1,
        null,
        null,
        null,
        null
      ],
      "/Users/arnas/Documents/ruby-projects/chatAppBackend/features/support/paths.rb": [
        1,
        null,
        null,
        null,
        null,
        null,
        null,
        1,
        0,
        null,
        null,
        0,
        null,
        null,
        null,
        null,
        0,
        null,
        null,
        0,
        null,
        null,
        0,
        null,
        null,
        0,
        null,
        null,
        null,
        null,
        null,
        null,
        null,
        null,
        0,
        0,
        0,
        0,
        0,
        0,
        null,
        null,
        null,
        null,
        null,
        null,
        1
      ],
      "/Users/arnas/Documents/ruby-projects/chatAppBackend/features/support/pickle.rb": [
        null,
        null,
        null,
        null,
        null,
        null,
        null,
        null,
        null,
        null,
        null,
        null,
        null,
        null,
        null,
        null,
        null,
        null,
        null,
        1,
        null,
        null,
        null,
        null,
        null,
        null
      ],
      "/Users/arnas/Documents/ruby-projects/chatAppBackend/features/step_definitions/pickle_steps.rb": [
        null,
        null,
        null,
        1,
        0,
        null,
        null,
        null,
        1,
        0,
        null,
        null,
        null,
        1,
        0,
        null,
        null,
        null,
        1,
        0,
        null,
        null,
        null,
        1,
        0,
        null,
        null,
        null,
        1,
        0,
        null,
        null,
        null,
        1,
        0,
        null,
        null,
        null,
        1,
        0,
        null,
        null,
        null,
        1,
        0,
        null,
        null,
        null,
        1,
        0,
        null,
        null,
        null,
        1,
        0,
        null,
        null,
        null,
        1,
        0,
        null,
        null,
        null,
        1,
        0,
        0,
        null,
        0,
        null,
        null,
        null,
        null,
        1,
        0,
        0,
        null,
        0,
        null,
        null,
        null,
        null,
        null,
        1,
        0,
        0,
        null,
        0,
        null,
        0,
        null,
        0,
        null,
        0,
        null,
        null,
        null,
        null,
        1,
        0,
        null
      ],
      "/Users/arnas/Documents/ruby-projects/chatAppBackend/features/step_definitions/user_steps.rb": [
        1,
        null,
        null,
        null
      ],
      "/Users/arnas/Documents/ruby-projects/chatAppBackend/app/models/User.rb": [
        1,
        1,
        1,
        0,
        null,
        null,
        null,
        1,
        1,
        1,
        1,
        1,
        null,
        1,
        1,
        1,
        null,
        1,
        1,
        1,
        1,
        1,
        null,
        1,
        1,
        null,
        1,
        null,
        1,
        1,
        1,
        null,
        null,
        1,
        0,
        null,
        null,
        1,
        0,
        null,
        null,
        1,
        0,
        0,
        0,
        null,
        null,
        1,
        0,
        0,
        null,
        null,
        1,
        0,
        0,
        0,
        null,
        null,
        1,
        0,
        0,
        null,
        null,
        1,
        null,
        1,
        null,
        1,
        1,
        null,
        null
      ],
      "/Users/arnas/Documents/ruby-projects/chatAppBackend/app/controllers/v1/users_controller.rb": [
        1,
        1,
        1,
        null,
        null,
        1,
        0,
        null,
        null,
        null,
        null,
        1,
        0,
        null,
        0,
        null,
        null,
        null,
        null,
        1,
        1,
        null,
        1,
        1,
        null,
        0,
        null,
        null,
        null,
        null,
        null,
        1,
        0,
        0,
        0,
        null,
        0,
        null,
        null,
        null,
        1,
        null,
        1,
        0,
        null,
        null,
        1,
        1,
        null,
        null,
        null
      ],
      "/Users/arnas/Documents/ruby-projects/chatAppBackend/app/controllers/application_controller.rb": [
        1,
        1,
        1,
        1,
        null,
        1,
        0,
        0,
        null,
        null,
        null,
        null,
        1,
        0,
        null,
        0,
        0,
        null,
        null,
        null,
        1,
        0,
        null,
        0,
        null,
        null
      ],
      "/Users/arnas/Documents/ruby-projects/chatAppBackend/app/models/friendship.rb": [
        1,
        1,
        0,
        0,
        0,
        null,
        0,
        0,
        0,
        null,
        0,
        0,
        0,
        0,
        null,
        null,
        null,
        null,
        1,
        1,
        1,
        1,
        1,
        null,
        1,
        null,
        1,
        0,
        0,
        0,
        null,
        0,
        null,
        0,
        null,
        0,
        0,
        null,
        null
      ]
    },
    "timestamp": 1414968282
  },
  "RSpec": {
    "coverage": {
      "/Users/arnas/Documents/ruby-projects/chatAppBackend/spec/support/request_helpers.rb": [
        1,
        1,
        1,
        94,
        null,
        null,
        1,
        13,
        null,
        null,
        1,
        47,
        47,
        47,
        47,
        null,
        47,
        null,
        null,
        null
      ],
      "/Users/arnas/Documents/ruby-projects/chatAppBackend/spec/models/v1/friendship_spec.rb": [
        1,
        null,
        1,
        null,
        1,
        2,
        2,
        2,
        null,
        null,
        null,
        1,
        1,
        1,
        1,
        1,
        1,
        null,
        null,
        1,
        1,
        1,
        1,
        null,
        null
      ],
      "/Users/arnas/Documents/ruby-projects/chatAppBackend/spec/rails_helper.rb": [
        null,
        1,
        1,
        1,
        1,
        null,
        null,
        null,
        null,
        null,
        null,
        null,
        null,
        null,
        null,
        null,
        null,
        null,
        null,
        null,
        null,
        null,
        1,
        null,
        null,
        null,
        null,
        null,
        null,
        null,
        null,
        null,
        null,
        null,
        null,
        null,
        1,
        null
      ],
      "/Users/arnas/Documents/ruby-projects/chatAppBackend/config/environment.rb": [
        null,
        1,
        null,
        null,
        1
      ],
      "/Users/arnas/Documents/ruby-projects/chatAppBackend/config/application.rb": [
        1,
        null,
        null,
        1,
        null,
        1,
        1,
        1,
        1,
        null,
        null,
        null,
        1,
        null,
        1,
        1,
        null,
        null,
        null,
        null,
        null,
        null,
        null,
        null,
        null,
        null,
        null,
        null,
        null
      ],
      "/Users/arnas/Documents/ruby-projects/chatAppBackend/config/boot.rb": [
        1,
        null,
        1
      ],
      "/Users/arnas/Documents/ruby-projects/chatAppBackend/config/environments/test.rb": [
        1,
        null,
        null,
        null,
        null,
        null,
        null,
        1,
        null,
        null,
        null,
        null,
        1,
        null,
        null,
        1,
        1,
        null,
        null,
        1,
        1,
        null,
        null,
        1,
        null,
        null,
        1,
        null,
        null,
        null,
        null,
        1,
        null,
        null,
        1,
        null,
        null,
        null,
        null
      ],
      "/Users/arnas/Documents/ruby-projects/chatAppBackend/config/initializers/apipie.rb": [
        1,
        1,
        1,
        1,
        null,
        1,
        1,
        null
      ],
      "/Users/arnas/Documents/ruby-projects/chatAppBackend/config/initializers/secret_token.rb": [
        null,
        null,
        null,
        null,
        null,
        null,
        null,
        null,
        null,
        null,
        null,
        null,
        null,
        null,
        null,
        null,
        null,
        null,
        1
      ],
      "/Users/arnas/Documents/ruby-projects/chatAppBackend/config/initializers/wrap_parameters.rb": [
        null,
        null,
        null,
        null,
        null,
        null,
        null,
        null,
        null
      ],
      "/Users/arnas/Documents/ruby-projects/chatAppBackend/spec/factories/v1/friendships.rb": [
        1,
        1,
        1,
        1,
        1,
        null,
        null
      ],
      "/Users/arnas/Documents/ruby-projects/chatAppBackend/spec/factories/v1/groups.rb": [
        1,
        1,
        14,
        null,
        null,
        null
      ],
      "/Users/arnas/Documents/ruby-projects/chatAppBackend/spec/factories/v1/messages.rb": [
        1,
        1,
        11,
        1,
        null,
        null,
        null
      ],
      "/Users/arnas/Documents/ruby-projects/chatAppBackend/spec/factories/v1/users.rb": [
        1,
        1,
        96,
        1,
        98,
        98,
        97,
        null,
        null
      ],
      "/Users/arnas/Documents/ruby-projects/chatAppBackend/config/routes.rb": [
        1,
        null,
        1,
        1,
        1,
        1,
        1,
        1,
        null,
        1,
        1,
        1,
        1,
        1,
        1,
        null,
        null
      ],
      "/Users/arnas/Documents/ruby-projects/chatAppBackend/app/models/friendship.rb": [
        1,
        1,
        25,
        1,
        1,
        null,
        24,
        1,
        1,
        null,
        23,
        2,
        2,
        null,
        21,
        21,
        21,
        1,
        null,
        null,
        null,
        null,
        1,
        1,
        3,
        1,
        null,
        null,
        null,
        null,
        1,
        1,
        1,
        1,
        1,
        null,
        1,
        1,
        null,
        1,
        19,
        19,
        13,
        null,
        5,
        null,
        1,
        null,
        19,
        19,
        5,
        4,
        8,
        null,
        null,
        1,
        null,
        null,
        19,
        null,
        null
      ],
      "/Users/arnas/Documents/ruby-projects/chatAppBackend/spec/models/v1/group_spec.rb": [
        1,
        null,
        1,
        null
      ],
      "/Users/arnas/Documents/ruby-projects/chatAppBackend/app/models/group.rb": [
        1,
        1,
        1,
        1,
        1,
        null,
        null,
        null
      ],
      "/Users/arnas/Documents/ruby-projects/chatAppBackend/spec/models/v1/message_spec.rb": [
        1,
        null,
        1,
        null
      ],
      "/Users/arnas/Documents/ruby-projects/chatAppBackend/app/models/message.rb": [
        1,
        1,
        1,
        1,
        1,
        1,
        null
      ],
      "/Users/arnas/Documents/ruby-projects/chatAppBackend/spec/models/v1/user_spec.rb": [
        1,
        null,
        1,
        1,
        1,
        1,
        null,
        null,
        1,
        4,
        4,
        4,
        null,
        null,
        null,
        1,
        2,
        2,
        2,
        2,
        null,
        null,
        null,
        1,
        1,
        1,
        null,
        null,
        1,
        1,
        1,
        null,
        null,
        1,
        1,
        1,
        null,
        null,
        1,
        1,
        1,
        null,
        null,
        1,
        1,
        1,
        null,
        null,
        1,
        1,
        null,
        null,
        1,
        1,
        1,
        null,
        null,
        1,
        1,
        1,
        1,
        1,
        1,
        1,
        1,
        1,
        null,
        1,
        1,
        1,
        1,
        1,
        1,
        1,
        1,
        1,
        null,
        1,
        1,
        1,
        1,
        1,
        1,
        null,
        1,
        1,
        1,
        1,
        1,
        1,
        1,
        null,
        null
      ],
      "/Users/arnas/Documents/ruby-projects/chatAppBackend/app/models/user.rb": [
        1,
        1,
        132,
        3,
        null,
        null,
        null,
        1,
        1,
        1,
        1,
        null,
        1,
        1,
        1,
        null,
        1,
        1,
        1,
        1,
        1,
        null,
        1,
        1,
        1,
        1,
        null,
        1,
        null,
        1,
        31,
        31,
        null,
        null,
        1,
        30,
        null,
        null,
        1,
        74,
        null,
        null,
        1,
        3,
        3,
        3,
        null,
        null,
        1,
        5,
        5,
        null,
        null,
        1,
        6,
        6,
        6,
        null,
        null,
        1,
        6,
        6,
        null,
        null,
        1,
        2,
        null,
        null,
        1,
        12,
        null,
        null,
        1,
        null,
        1,
        null,
        88,
        88,
        null,
        null
      ],
      "/Users/arnas/Documents/ruby-projects/chatAppBackend/spec/requests/v1/friendships_spec.rb": [
        1,
        null,
        1,
        7,
        1,
        6,
        6,
        null,
        null,
        1,
        1,
        1,
        1,
        1,
        1,
        1,
        1,
        1,
        1,
        1,
        1,
        1,
        1,
        null,
        null,
        null,
        1,
        1,
        1,
        1,
        1,
        1,
        null,
        1,
        1,
        1,
        1,
        null,
        null,
        null,
        1,
        1,
        1,
        1,
        1,
        1,
        1,
        1,
        1,
        1,
        1,
        1,
        1,
        1,
        1,
        1,
        1,
        null,
        null,
        null,
        1,
        1,
        1,
        1,
        1,
        1,
        1,
        1,
        1,
        1,
        1,
        null,
        null,
        null,
        1,
        1,
        1,
        1,
        1,
        1,
        1,
        1,
        1,
        1,
        1,
        1,
        1,
        1,
        1,
        1,
        1,
        1,
        1,
        1,
        1,
        1,
        1,
        1,
        1,
        null,
        null,
        null,
        1,
        1,
        1,
        1,
        1,
        1,
        1,
        1,
        null,
        null,
        null,
        1,
        null,
        1,
        6,
        5,
        null,
        1,
        null,
        6,
        6,
        5,
        null,
        1,
        null,
        null,
        null,
        1,
        4,
        4,
        3,
        3,
        null,
        null,
        4,
        null,
        null,
        1,
        8,
        8,
        5,
        6,
        null,
        null,
        3,
        null,
        8,
        null,
        null,
        1,
        9,
        27,
        18,
        null,
        null,
        9,
        null,
        null
      ],
      "/Users/arnas/Documents/ruby-projects/chatAppBackend/spec/requests/v1/groups_spec.rb": [
        1,
        null,
        1,
        9,
        1,
        8,
        8,
        null,
        null,
        1,
        1,
        1,
        1,
        1,
        1,
        1,
        1,
        null,
        null,
        null,
        1,
        1,
        1,
        1,
        1,
        1,
        1,
        1,
        1,
        null,
        null,
        1,
        1,
        1,
        1,
        1,
        1,
        1,
        1,
        null,
        null,
        null,
        1,
        1,
        1,
        1,
        1,
        1,
        1,
        1,
        null,
        null,
        null,
        1,
        1,
        1,
        1,
        1,
        1,
        1,
        1,
        1,
        1,
        null,
        null,
        1,
        1,
        1,
        1,
        1,
        1,
        1,
        null,
        null,
        null,
        1,
        1,
        1,
        1,
        1,
        1,
        1,
        1,
        1,
        null,
        1,
        1,
        1,
        1,
        1,
        1,
        null,
        null,
        null,
        1,
        null,
        1,
        5,
        5,
        2,
        4,
        null,
        null,
        3,
        null,
        5,
        null,
        null,
        1,
        7,
        7,
        null,
        7,
        7,
        15,
        null,
        null,
        7,
        null,
        null
      ],
      "/Users/arnas/Documents/ruby-projects/chatAppBackend/spec/requests/v1/login_spec.rb": [
        1,
        null,
        1,
        1,
        1,
        1,
        1,
        1,
        1,
        null,
        null,
        1,
        1,
        1,
        1,
        null,
        null,
        null
      ],
      "/Users/arnas/Documents/ruby-projects/chatAppBackend/spec/requests/v1/messages_spec.rb": [
        1,
        null,
        1,
        9,
        1,
        8,
        8,
        null,
        null,
        1,
        1,
        1,
        1,
        1,
        1,
        1,
        1,
        1,
        1,
        1,
        1,
        1,
        1,
        1,
        null,
        null,
        1,
        1,
        1,
        1,
        1,
        1,
        1,
        null,
        null,
        null,
        1,
        1,
        1,
        1,
        1,
        1,
        1,
        null,
        1,
        1,
        1,
        1,
        1,
        null,
        null,
        null,
        1,
        1,
        1,
        1,
        1,
        1,
        1,
        null,
        null,
        null,
        1,
        1,
        1,
        1,
        1,
        1,
        1,
        1,
        1,
        1,
        null,
        null,
        null,
        1,
        1,
        1,
        1,
        1,
        1,
        null,
        1,
        1,
        1,
        1,
        1,
        null,
        null,
        null,
        1,
        null,
        1,
        6,
        6,
        2,
        2,
        null,
        null,
        4,
        null,
        6,
        null,
        null,
        1,
        6,
        18,
        15,
        null,
        null,
        6,
        6,
        null,
        null
      ],
      "/Users/arnas/Documents/ruby-projects/chatAppBackend/spec/requests/v1/users_spec.rb": [
        1,
        null,
        1,
        6,
        1,
        5,
        5,
        null,
        null,
        1,
        1,
        1,
        1,
        1,
        1,
        null,
        null,
        1,
        1,
        1,
        1,
        1,
        null,
        null,
        null,
        null,
        1,
        1,
        1,
        1,
        1,
        1,
        null,
        null,
        1,
        1,
        1,
        1,
        1,
        1,
        null,
        null,
        null,
        1,
        1,
        1,
        1,
        1,
        1,
        1,
        null,
        1,
        1,
        1,
        1,
        null,
        null,
        1,
        1,
        1,
        1,
        1,
        1,
        1,
        null,
        1,
        1,
        1,
        1,
        null,
        1,
        1,
        1,
        1,
        null,
        1,
        1,
        1,
        1,
        null,
        null,
        null,
        1,
        1,
        1,
        1,
        null,
        null,
        1,
        1,
        1,
        null,
        null,
        null,
        1,
        null,
        1,
        2,
        2,
        2,
        2,
        2,
        null,
        null,
        1,
        1,
        null,
        null,
        1,
        14,
        12,
        null,
        2,
        null,
        14,
        14,
        14,
        12,
        null,
        2,
        null,
        null,
        null,
        1,
        2,
        null,
        null,
        1,
        14,
        14,
        12,
        null,
        14,
        null,
        null,
        1,
        2,
        2,
        2,
        2,
        null,
        null,
        null
      ],
      "/Users/arnas/Documents/ruby-projects/chatAppBackend/app/controllers/v1/login_controller.rb": [
        1,
        1,
        1,
        null,
        null,
        1,
        1,
        1,
        1,
        1,
        29,
        29,
        28,
        null,
        1,
        null,
        null,
        null,
        null
      ],
      "/Users/arnas/Documents/ruby-projects/chatAppBackend/app/controllers/application_controller.rb": [
        1,
        1,
        1,
        1,
        null,
        1,
        60,
        2,
        null,
        null,
        null,
        null,
        1,
        14,
        null,
        14,
        13,
        null,
        null,
        null,
        1,
        60,
        null,
        60,
        null,
        null
      ],
      "/Users/arnas/Documents/ruby-projects/chatAppBackend/app/controllers/v1/friendships_controller.rb": [
        1,
        1,
        1,
        null,
        null,
        1,
        1,
        1,
        2,
        null,
        2,
        null,
        null,
        null,
        1,
        1,
        1,
        4,
        null,
        4,
        null,
        null,
        null,
        null,
        1,
        1,
        1,
        1,
        1,
        2,
        null,
        2,
        1,
        null,
        1,
        null,
        null,
        null,
        1,
        1,
        1,
        null,
        null,
        null,
        1,
        1,
        1,
        null,
        null,
        null,
        null,
        null,
        1,
        1,
        1,
        1,
        1,
        2,
        null,
        2,
        1,
        null,
        1,
        null,
        null,
        null,
        null,
        null,
        1,
        1,
        1,
        1,
        1,
        1,
        1,
        1,
        5,
        5,
        3,
        2,
        null,
        1,
        null,
        null,
        2,
        null,
        null,
        null,
        null,
        null,
        1,
        1,
        1,
        1,
        1,
        2,
        2,
        1,
        1,
        null,
        1,
        null,
        null,
        null,
        1,
        null,
        1,
        2,
        null,
        null,
        1,
        3,
        null,
        null,
        null
      ],
      "/Users/arnas/Documents/ruby-projects/chatAppBackend/app/controllers/v1/groups_controller.rb": [
        1,
        1,
        1,
        null,
        null,
        1,
        1,
        1,
        2,
        null,
        2,
        null,
        null,
        null,
        null,
        1,
        1,
        1,
        1,
        2,
        null,
        2,
        null,
        null,
        1,
        1,
        1,
        1,
        null,
        null,
        null,
        1,
        1,
        1,
        null,
        null,
        null,
        null,
        null,
        1,
        1,
        1,
        1,
        2,
        null,
        2,
        2,
        null,
        0,
        null,
        null,
        null,
        null,
        null,
        1,
        1,
        1,
        1,
        1,
        1,
        1,
        2,
        2,
        1,
        1,
        null,
        0,
        null,
        null,
        1,
        null,
        null,
        null,
        null,
        null,
        1,
        1,
        1,
        1,
        2,
        2,
        1,
        1,
        null,
        1,
        null,
        null,
        null,
        1,
        null,
        1,
        2,
        null,
        null,
        1,
        1,
        null,
        null,
        null
      ],
      "/Users/arnas/Documents/ruby-projects/chatAppBackend/app/controllers/v1/messages_controller.rb": [
        1,
        1,
        1,
        null,
        null,
        null,
        1,
        1,
        1,
        1,
        1,
        4,
        4,
        3,
        3,
        null,
        1,
        null,
        null,
        null,
        null,
        null,
        1,
        1,
        1,
        1,
        2,
        null,
        2,
        null,
        null,
        1,
        1,
        1,
        null,
        null,
        null,
        null,
        null,
        1,
        1,
        1,
        1,
        1,
        2,
        2,
        1,
        1,
        1,
        1,
        1,
        null,
        0,
        null,
        null,
        1,
        null,
        null,
        null,
        null,
        null,
        1,
        1,
        1,
        1,
        1,
        1,
        null,
        1,
        1,
        null,
        0,
        null,
        null,
        null,
        null,
        null,
        1,
        1,
        1,
        1,
        2,
        2,
        1,
        1,
        null,
        1,
        null,
        null,
        null,
        1,
        null,
        1,
        1,
        null,
        null,
        1,
        1,
        null,
        null,
        null
      ],
      "/Users/arnas/Documents/ruby-projects/chatAppBackend/app/controllers/v1/users_controller.rb": [
        1,
        1,
        1,
        null,
        null,
        1,
        1,
        1,
        1,
        1,
        10,
        null,
        null,
        null,
        null,
        1,
        1,
        1,
        1,
        1,
        4,
        4,
        2,
        null,
        2,
        null,
        null,
        null,
        null,
        null,
        1,
        1,
        1,
        1,
        1,
        0,
        0,
        0,
        null,
        0,
        null,
        null,
        null,
        null,
        1,
        2,
        2,
        2,
        2,
        2,
        2,
        null,
        null,
        null,
        null,
        null,
        null,
        1,
        1,
        1,
        1,
        2,
        null,
        2,
        1,
        null,
        1,
        null,
        null,
        null,
        null,
        null,
        1,
        1,
        1,
        1,
        1,
        1,
        6,
        6,
        2,
        null,
        4,
        null,
        null,
        null,
        1,
        null,
        1,
        12,
        null,
        null,
        1,
        8,
        null,
        null,
        null
      ]
    },
    "timestamp": 1418773295
  }
}
